<?xml version="1.0" encoding="UTF-8"?>
<!-- Generated by org.testng.reporters.JUnitXMLReporter -->
<testsuite ignored="0" hostname="DESKTOP-96AVIRC" failures="3" tests="4" name="Framework Test(failed)" time="52.54" errors="0" timestamp="2023-11-29T17:00:08 IST">
  <testcase classname="com.HybridFrameworkStructure.TestCases.TC_LoginExcelDDT_002" name="LoginDDT" time="8.011">
    <failure type="junit.framework.AssertionFailedError">
      <![CDATA[junit.framework.AssertionFailedError
at junit.framework.Assert.fail(Assert.java:47)
at junit.framework.Assert.assertTrue(Assert.java:20)
at junit.framework.Assert.assertTrue(Assert.java:27)
at com.HybridFrameworkStructure.TestCases.TC_LoginExcelDDT_002.LoginDDT(TC_LoginExcelDDT_002.java:35)
at java.base/java.util.ArrayList.forEach(ArrayList.java:1511)
... Removed 27 stack frames]]>
    </failure>
  </testcase> <!-- LoginDDT -->
  <testcase classname="com.HybridFrameworkStructure.TestCases.TC_LoginExcelDDT_002" name="LoginDDT" time="7.846">
    <failure type="junit.framework.AssertionFailedError">
      <![CDATA[junit.framework.AssertionFailedError
at junit.framework.Assert.fail(Assert.java:47)
at junit.framework.Assert.assertTrue(Assert.java:20)
at junit.framework.Assert.assertTrue(Assert.java:27)
at com.HybridFrameworkStructure.TestCases.TC_LoginExcelDDT_002.LoginDDT(TC_LoginExcelDDT_002.java:35)
at java.base/java.util.ArrayList.forEach(ArrayList.java:1511)
... Removed 27 stack frames]]>
    </failure>
  </testcase> <!-- LoginDDT -->
  <testcase classname="com.HybridFrameworkStructure.TestCases.TC_LoginExcelDDT_002" name="LoginDDT" time="7.651">
    <failure type="junit.framework.AssertionFailedError">
      <![CDATA[junit.framework.AssertionFailedError
at junit.framework.Assert.fail(Assert.java:47)
at junit.framework.Assert.assertTrue(Assert.java:20)
at junit.framework.Assert.assertTrue(Assert.java:27)
at com.HybridFrameworkStructure.TestCases.TC_LoginExcelDDT_002.LoginDDT(TC_LoginExcelDDT_002.java:35)
at java.base/java.util.ArrayList.forEach(ArrayList.java:1511)
... Removed 27 stack frames]]>
    </failure>
  </testcase> <!-- LoginDDT -->
  <testcase classname="com.HybridFrameworkStructure.TestCases.TC_LoginTest_001" name="loginTest" time="4.357"/>
</testsuite> <!-- Framework Test(failed) -->
